server/BeaconTestApp/app/build/outputs/logs/manifest-merger-debug-report.txt
-- Merging decision tree log ---
manifest
ADDED from src/main/AndroidManifest.xml:2:1-21:12
	package
		ADDED from src/main/AndroidManifest.xml:3:5-40
		INJECTED from src/main/AndroidManifest.xml
		INJECTED from src/main/AndroidManifest.xml
	android:versionName
		INJECTED from src/main/AndroidManifest.xml
		INJECTED from src/main/AndroidManifest.xml
	xmlns:android
		ADDED from src/main/AndroidManifest.xml:2:11-69
	android:versionCode
		INJECTED from src/main/AndroidManifest.xml
		INJECTED from src/main/AndroidManifest.xml
application
ADDED from src/main/AndroidManifest.xml:5:5-19:19
MERGED from [com.android.support:appcompat-v7:23.1.1] AndroidManifest.xml:22:5-20
MERGED from [com.android.support:support-v4:23.1.1] AndroidManifest.xml:22:5-20
MERGED from [com.koushikdutta.async:androidasync:2.1.9] AndroidManifest.xml:13:5-14:19
MERGED from [com.estimote:sdk:0.9.4] AndroidManifest.xml:22:5-32:19
	android:label
		ADDED from src/main/AndroidManifest.xml:8:9-41
	android:supportsRtl
		ADDED from src/main/AndroidManifest.xml:9:9-35
	android:allowBackup
		ADDED from src/main/AndroidManifest.xml:6:9-35
	android:icon
		ADDED from src/main/AndroidManifest.xml:7:9-43
	android:theme
		ADDED from src/main/AndroidManifest.xml:10:9-40
activity#mmaciega.pl.beacontestapp.MainActivity
ADDED from src/main/AndroidManifest.xml:11:9-17:20
	android:name
		ADDED from src/main/AndroidManifest.xml:11:19-47
intent-filter#android.intent.action.MAIN+android.intent.category.LAUNCHER
ADDED from src/main/AndroidManifest.xml:12:13-16:29
action#android.intent.action.MAIN
ADDED from src/main/AndroidManifest.xml:13:17-69
	android:name
		ADDED from src/main/AndroidManifest.xml:13:25-66
category#android.intent.category.LAUNCHER
ADDED from src/main/AndroidManifest.xml:15:17-77
	android:name
		ADDED from src/main/AndroidManifest.xml:15:27-74
activity#mmaciega.pl.beacontestapp.LoggedActivity
ADDED from src/main/AndroidManifest.xml:18:9-61
	android:name
		ADDED from src/main/AndroidManifest.xml:18:19-49
uses-sdk
INJECTED from src/main/AndroidManifest.xml reason: use-sdk injection requested
MERGED from [com.android.support:appcompat-v7:23.1.1] AndroidManifest.xml:20:5-43
MERGED from [com.android.support:support-v4:23.1.1] AndroidManifest.xml:20:5-43
MERGED from [com.koushikdutta.async:androidasync:2.1.9] AndroidManifest.xml:7:5-9:41
MERGED from [com.estimote:sdk:0.9.4] AndroidManifest.xml:7:5-43
	android:targetSdkVersion
		INJECTED from src/main/AndroidManifest.xml
		INJECTED from src/main/AndroidManifest.xml
	android:minSdkVersion
		INJECTED from src/main/AndroidManifest.xml
		INJECTED from src/main/AndroidManifest.xml
uses-permission#android.permission.INTERNET
ADDED from [com.koushikdutta.async:androidasync:2.1.9] AndroidManifest.xml:11:5-67
MERGED from [com.estimote:sdk:0.9.4] AndroidManifest.xml:15:5-67
	android:name
		ADDED from [com.koushikdutta.async:androidasync:2.1.9] AndroidManifest.xml:11:22-64
uses-permission#android.permission.BLUETOOTH
ADDED from [com.estimote:sdk:0.9.4] AndroidManifest.xml:10:5-68
	android:name
		ADDED from [com.estimote:sdk:0.9.4] AndroidManifest.xml:10:22-65
uses-permission#android.permission.BLUETOOTH_ADMIN
ADDED from [com.estimote:sdk:0.9.4] AndroidManifest.xml:11:5-74
	android:name
		ADDED from [com.estimote:sdk:0.9.4] AndroidManifest.xml:11:22-71
uses-permission-sdk-23
ADDED from [com.estimote:sdk:0.9.4] AndroidManifest.xml:13:5-88
	android:name
		ADDED from [com.estimote:sdk:0.9.4] AndroidManifest.xml:13:29-85
uses-permission#android.permission.ACCESS_NETWORK_STATE
ADDED from [com.estimote:sdk:0.9.4] AndroidManifest.xml:16:5-79
	android:name
		ADDED from [com.estimote:sdk:0.9.4] AndroidManifest.xml:16:22-76
uses-feature#android.hardware.bluetooth_le
ADDED from [com.estimote:sdk:0.9.4] AndroidManifest.xml:18:5-20:36
	android:required
		ADDED from [com.estimote:sdk:0.9.4] AndroidManifest.xml:20:9-33
	android:name
		ADDED from [com.estimote:sdk:0.9.4] AndroidManifest.xml:19:9-53
service#com.estimote.sdk.service.BeaconService
ADDED from [com.estimote:sdk:0.9.4] AndroidManifest.xml:23:9-25:40
	android:exported
		ADDED from [com.estimote:sdk:0.9.4] AndroidManifest.xml:25:13-37
	android:name
		ADDED from [com.estimote:sdk:0.9.4] AndroidManifest.xml:24:13-66
activity#com.estimote.sdk.DefaultRequirementsCheckerCallback$Activity
ADDED from [com.estimote:sdk:0.9.4] AndroidManifest.xml:27:9-29:56
	android:theme
		ADDED from [com.estimote:sdk:0.9.4] AndroidManifest.xml:29:13-53
	android:name
		ADDED from [com.estimote:sdk:0.9.4] AndroidManifest.xml:28:13-88
receiver#com.estimote.sdk.service.BeaconService$ScanAlarmBroadcastReceiver
ADDED from [com.estimote:sdk:0.9.4] AndroidManifest.xml:31:9-102
	android:name
		ADDED from [com.estimote:sdk:0.9.4] AndroidManifest.xml:31:19-99